[colorlib.com/preview/index.html]
[backblue.gif]
[fade.gif]
[index.html]
[colorlib.com/preview/assets/css/bootstrap.min.css]
[colorlib.com/preview/assets/css/template.css]
[cdnjs.cloudflare.com/ajax/libs/font-awesome/3.2.1/css/font-awesome.css]
[colorlib.com/preview/assets/img/logo.png]
[ajax.googleapis.com/ajax/libs/jquery/1.12.4/jquery.min.js]
[colorlib.com/preview/index.html]
[ajax.cloudflare.com/cdn-cgi/scripts/7089c43e/cloudflare-static/rocket-loader.min.js]
[colorlib.com/preview/assets/js/products.js]
[colorlib.com/preview/assets/fonts/glyphicons-halflings-regular.9.delayed]
[colorlib.com/preview/assets/js/application.min.js]
[colorlib.com/preview/assets/fonts/glyphicons-halflings-regulard41d.eot]
[colorlib.com/preview/assets/fonts/glyphicons-halflings-regular.woff2]
[colorlib.com/preview/assets/fonts/glyphicons-halflings-regular.woff]
[colorlib.com/preview/assets/fonts/glyphicons-halflings-regular.ttf]
[colorlib.com/preview/assets/fonts/glyphicons-halflings-regular.svg]
[colorlib.com/preview/assets/css/bootstrap.min.css]
[colorlib.com/preview/assets/css/template.css]
[cdnjs.cloudflare.com/ajax/libs/font-awesome/3.2.1/css/font-awesome.css]
[colorlib.com/preview/assets/fonts/glyphicons-halflings-regular.html]
[colorlib.com/preview/assets/fonts/glyphicons-halflings-regulard41d.html]
[colorlib.com/preview/assets/fonts/glyphicons-halflings-regular-2.html]
[colorlib.com/preview/assets/fonts/glyphicons-halflings-regular-3.html]
[colorlib.com/preview/assets/fonts/glyphicons-halflings-regular-4.html]
[colorlib.com/preview/assets/fonts/glyphicons-halflings-regular-5.html]
